#
# There is insufficient memory for the Java Runtime Environment to continue.
# Native memory allocation (mmap) failed to map 536870912 bytes for G1 virtual space
# Possible reasons:
#   The system is out of physical RAM or swap space
#   The process is running with CompressedOops enabled, and the Java Heap may be blocking the growth of the native heap
# Possible solutions:
#   Reduce memory load on the system
#   Increase physical memory or swap space
#   Check if swap backing store is full
#   Decrease Java heap size (-Xmx/-Xms)
#   Decrease number of Java threads
#   Decrease Java thread stack sizes (-Xss)
#   Set larger code cache with -XX:ReservedCodeCacheSize=
#   JVM is running with Zero Based Compressed Oops mode in which the Java heap is
#     placed in the first 32GB address space. The Java Heap base address is the
#     maximum limit for the native heap growth. Please use -XX:HeapBaseMinAddress
#     to set the Java Heap base and to place the Java Heap above 32GB virtual address.
# This output file may be truncated or incomplete.
#
#  Out of Memory Error (os_windows.cpp:3747), pid=92480, tid=90152
#
# JRE version:  (17.0.3+7) (build )
# Java VM: OpenJDK 64-Bit Server VM (17.0.3+7-b469.37, mixed mode, sharing, tiered, compressed oops, compressed class ptrs, g1 gc, windows-amd64)
# No core dump will be written. Minidumps are not enabled by default on client versions of Windows
#

---------------  S U M M A R Y ------------

Command Line: git4idea.http.GitAskPassApp Username for 'https://gitee.com': 

Host: Intel(R) Core(TM) i7-8700 CPU @ 3.20GHz, 12 cores, 31G,  Windows 10 , 64 bit Build 19041 (10.0.19041.2364)
Time: Sun Feb  5 10:43:28 2023  Windows 10 , 64 bit Build 19041 (10.0.19041.2364) elapsed time: 0.014002 seconds (0d 0h 0m 0s)

---------------  T H R E A D  ---------------

Current thread (0x0000017572ce4a20):  JavaThread "Unknown thread" [_thread_in_vm, id=90152, stack(0x000000436c300000,0x000000436c400000)]

Stack: [0x000000436c300000,0x000000436c400000]
Native frames: (J=compiled Java code, j=interpreted, Vv=VM code, C=native code)
V  [jvm.dll+0x681f8a]
V  [jvm.dll+0x83e374]
V  [jvm.dll+0x83fb1e]
V  [jvm.dll+0x840183]
V  [jvm.dll+0x2492a5]
V  [jvm.dll+0x67ee59]
V  [jvm.dll+0x67355a]
V  [jvm.dll+0x308fab]
V  [jvm.dll+0x310466]
V  [jvm.dll+0x3601de]
V  [jvm.dll+0x36040f]
V  [jvm.dll+0x2df098]
V  [jvm.dll+0x2e0004]
V  [jvm.dll+0x80fc61]
V  [jvm.dll+0x36df61]
V  [jvm.dll+0x7ef17c]
V  [jvm.dll+0x3f10ef]
V  [jvm.dll+0x3f2c31]
C  [jli.dll+0x526b]
C  [ucrtbase.dll+0x21bb2]
C  [KERNEL32.DLL+0x17614]
C  [ntdll.dll+0x526a1]


---------------  P R O C E S S  ---------------

Threads class SMR info:
_java_thread_list=0x00007ffd55416f18, length=0, elements={
}

Java Threads: ( => current thread )

Other Threads:
  0x0000017572d925e0 GCTaskThread "GC Thread#0" [stack: 0x000000436c400000,0x000000436c500000] [id=116084]
  0x0000017572da43c0 ConcurrentGCThread "G1 Main Marker" [stack: 0x000000436c500000,0x000000436c600000] [id=39980]
  0x0000017572da5480 ConcurrentGCThread "G1 Conc#0" [stack: 0x000000436c600000,0x000000436c700000] [id=118224]

[error occurred during error reporting (printing all threads), id 0xc0000005, EXCEPTION_ACCESS_VIOLATION (0xc0000005) at pc=0x00007ffd54bcfc57]

VM state: not at safepoint (not fully initialized)

VM Mutex/Monitor currently owned by a thread:  ([mutex/lock_event])
[0x0000017572cdf3e0] Heap_lock - owner thread: 0x0000017572ce4a20

Heap address: 0x0000000601000000, size: 8176 MB, Compressed Oops mode: Zero based, Oop shift amount: 3

CDS archive(s) mapped at: [0x0000000000000000-0x0000000000000000-0x0000000000000000), size 0, SharedBaseAddress: 0x0000000800000000, ArchiveRelocationMode: 0.
Narrow klass base: 0x0000000000000000, Narrow klass shift: 0, Narrow klass range: 0x0

GC Precious Log:
<Empty>

Heap:
 garbage-first heap   total 0K, used 0K [0x0000000601000000, 0x0000000800000000)
  region size 4096K, 0 young (0K), 0 survivors (0K)

[error occurred during error reporting (printing heap information), id 0xc0000005, EXCEPTION_ACCESS_VIOLATION (0xc0000005) at pc=0x00007ffd54fbbbd9]

GC Heap History (0 events):
No events

Deoptimization events (0 events):
No events

Classes unloaded (0 events):
No events

Classes redefined (0 events):
No events

Internal exceptions (0 events):
No events

VM Operations (0 events):
No events

Events (1 events):
Event: 0.007 Loaded shared library C:\Program Files\JetBrains\PyCharm 2022.2.1\jbr\bin\java.dll


Dynamic libraries:
0x00007ff76af60000 - 0x00007ff76af6a000 	C:\Program Files\JetBrains\PyCharm 2022.2.1\jbr\bin\java.exe
0x00007ffe2d5d0000 - 0x00007ffe2d7c8000 	C:\Windows\SYSTEM32\ntdll.dll
0x00007ffe2c3b0000 - 0x00007ffe2c46f000 	C:\Windows\System32\KERNEL32.DLL
0x00007ffe2ad90000 - 0x00007ffe2b062000 	C:\Windows\System32\KERNELBASE.dll
0x00007ffe2b3b0000 - 0x00007ffe2b4b0000 	C:\Windows\System32\ucrtbase.dll
0x00007ffdd31e0000 - 0x00007ffdd31fb000 	C:\Program Files\JetBrains\PyCharm 2022.2.1\jbr\bin\VCRUNTIME140.dll
0x00007ffdd2dc0000 - 0x00007ffdd2dd7000 	C:\Program Files\JetBrains\PyCharm 2022.2.1\jbr\bin\jli.dll
0x00007ffe2cf50000 - 0x00007ffe2d0f1000 	C:\Windows\System32\USER32.dll
0x00007ffe2acc0000 - 0x00007ffe2ace2000 	C:\Windows\System32\win32u.dll
0x00007ffe2c580000 - 0x00007ffe2c5ab000 	C:\Windows\System32\GDI32.dll
0x00007ffe183f0000 - 0x00007ffe1868a000 	C:\Windows\WinSxS\amd64_microsoft.windows.common-controls_6595b64144ccf1df_6.0.19041.1110_none_60b5254171f9507e\COMCTL32.dll
0x00007ffe2b160000 - 0x00007ffe2b26f000 	C:\Windows\System32\gdi32full.dll
0x00007ffe2c240000 - 0x00007ffe2c2de000 	C:\Windows\System32\msvcrt.dll
0x00007ffe2b0c0000 - 0x00007ffe2b15d000 	C:\Windows\System32\msvcp_win.dll
0x00007ffe2c200000 - 0x00007ffe2c232000 	C:\Windows\System32\IMM32.DLL
0x00007ffe11310000 - 0x00007ffe1131c000 	C:\Program Files\JetBrains\PyCharm 2022.2.1\jbr\bin\vcruntime140_1.dll
0x00007ffdd2380000 - 0x00007ffdd240d000 	C:\Program Files\JetBrains\PyCharm 2022.2.1\jbr\bin\msvcp140.dll
0x00007ffd548e0000 - 0x00007ffd55548000 	C:\Program Files\JetBrains\PyCharm 2022.2.1\jbr\bin\server\jvm.dll
0x00007ffe2c470000 - 0x00007ffe2c51e000 	C:\Windows\System32\ADVAPI32.dll
0x00007ffe2cd00000 - 0x00007ffe2cd9c000 	C:\Windows\System32\sechost.dll
0x00007ffe2d100000 - 0x00007ffe2d225000 	C:\Windows\System32\RPCRT4.dll
0x00007ffe2b6a0000 - 0x00007ffe2b6a8000 	C:\Windows\System32\PSAPI.DLL
0x00007ffe0c5c0000 - 0x00007ffe0c5c9000 	C:\Windows\SYSTEM32\WSOCK32.dll
0x00007ffe164f0000 - 0x00007ffe16517000 	C:\Windows\SYSTEM32\WINMM.dll
0x00007ffe242e0000 - 0x00007ffe242ea000 	C:\Windows\SYSTEM32\VERSION.dll
0x00007ffe2c2e0000 - 0x00007ffe2c34b000 	C:\Windows\System32\WS2_32.dll
0x00007ffe29530000 - 0x00007ffe29542000 	C:\Windows\SYSTEM32\kernel.appcore.dll
0x00007ffe26520000 - 0x00007ffe2652a000 	C:\Program Files\JetBrains\PyCharm 2022.2.1\jbr\bin\jimage.dll
0x00007ffe290a0000 - 0x00007ffe29284000 	C:\Windows\SYSTEM32\DBGHELP.DLL
0x00007ffe0df30000 - 0x00007ffe0df65000 	C:\Windows\SYSTEM32\dbgcore.DLL
0x00007ffe2b320000 - 0x00007ffe2b3a2000 	C:\Windows\System32\bcryptPrimitives.dll
0x00007ffe11540000 - 0x00007ffe11565000 	C:\Program Files\JetBrains\PyCharm 2022.2.1\jbr\bin\java.dll

dbghelp: loaded successfully - version: 4.0.5 - missing functions: none
symbol engine: initialized successfully - sym options: 0x614 - pdb path: .;C:\Program Files\JetBrains\PyCharm 2022.2.1\jbr\bin;C:\Windows\SYSTEM32;C:\Windows\WinSxS\amd64_microsoft.windows.common-controls_6595b64144ccf1df_6.0.19041.1110_none_60b5254171f9507e;C:\Program Files\JetBrains\PyCharm 2022.2.1\jbr\bin\server

VM Arguments:
java_command: git4idea.http.GitAskPassApp Username for 'https://gitee.com': 
java_class_path (initial): C:/Program Files/JetBrains/PyCharm 2022.2.1/plugins/git4idea/lib/git4idea-rt.jar;C:/Program Files/JetBrains/PyCharm 2022.2.1/lib/externalProcess-rt.jar;C:/Program Files/JetBrains/PyCharm 2022.2.1/lib/app.jar;C:/Program Files/JetBrains/PyCharm 2022.2.1/lib/3rd-party-rt.jar
Launcher Type: SUN_STANDARD

[Global flags]
     intx CICompilerCount                          = 4                                         {product} {ergonomic}
     uint ConcGCThreads                            = 3                                         {product} {ergonomic}
     uint G1ConcRefinementThreads                  = 10                                        {product} {ergonomic}
   size_t G1HeapRegionSize                         = 4194304                                   {product} {ergonomic}
    uintx GCDrainStackTargetSize                   = 64                                        {product} {ergonomic}
   size_t InitialHeapSize                          = 536870912                                 {product} {ergonomic}
   size_t MarkStackSize                            = 4194304                                   {product} {ergonomic}
   size_t MaxHeapSize                              = 8573157376                                {product} {ergonomic}
   size_t MinHeapDeltaBytes                        = 4194304                                   {product} {ergonomic}
   size_t MinHeapSize                              = 8388608                                   {product} {ergonomic}
    uintx NonNMethodCodeHeapSize                   = 5839372                                {pd product} {ergonomic}
    uintx NonProfiledCodeHeapSize                  = 122909434                              {pd product} {ergonomic}
    uintx ProfiledCodeHeapSize                     = 122909434                              {pd product} {ergonomic}
    uintx ReservedCodeCacheSize                    = 251658240                              {pd product} {ergonomic}
     bool SegmentedCodeCache                       = true                                      {product} {ergonomic}
   size_t SoftMaxHeapSize                          = 8573157376                             {manageable} {ergonomic}
     bool UseCompressedClassPointers               = true                           {product lp64_product} {ergonomic}
     bool UseCompressedOops                        = true                           {product lp64_product} {ergonomic}
     bool UseG1GC                                  = true                                      {product} {ergonomic}
     bool UseLargePagesIndividualAllocation        = false                                  {pd product} {ergonomic}

Logging:
Log output configuration:
 #0: stdout all=warning uptime,level,tags
 #1: stderr all=off uptime,level,tags

Environment Variables:
PATH=C:/Program Files/Git/mingw64/libexec/git-core;C:/Program Files/Git/mingw64/libexec/git-core;C:\Program Files\Git\mingw64\bin;C:\Program Files\Git\usr\bin;C:\Users\luo\bin;C:\Users\luo\anaconda3;C:\Users\luo\anaconda3\Library\mingw-w64\bin;C:\Users\luo\anaconda3\Library\usr\bin;C:\Users\luo\anaconda3\Library\bin;C:\Users\luo\anaconda3\Scripts;C:\Users\luo\anaconda3\bin;C:\Program Files\PlasticSCM5\server;C:\Program Files\PlasticSCM5\client;C:\Program Files\NVIDIA GPU Computing Toolkit\CUDA\v11.6\bin;C:\Program Files\NVIDIA GPU Computing Toolkit\CUDA\v11.6\libnvvp;C:\Program Files (x86)\VMware\VMware Workstation\bin;C:\Program Files (x86)\Common Files\Intel\Shared Libraries\redist\intel64\compiler;C:\Windows\system32;C:\Windows;C:\Windows\System32\Wbem;C:\Windows\System32\WindowsPowerShell\v1.0;C:\Windows\System32\OpenSSH;C:\Program Files (x86)\ZeroTier\One;C:\Program Files\WireGuard;C:\Program Files\PuTTY;C:\Program Files (x86)\NVIDIA Corporation\PhysX\Common;C:\Program Files\NVIDIA Corporation\NVIDIA NvDLISR;C:\Program Files\NVIDIA Corporation\Nsight Compute 2022.1.1;C:\Users\luo\anaconda3;C:\Users\luo\anaconda3\Scripts;C:\Users\luo\anaconda3\Library\bin;C:\Users\luo\anaconda3\condabin;C:\Program Files\Pandoc;C:\Program Files\MATLAB\R2022a\runtime\win64;C:\Program Files\MATLAB\R2022a\bin;C:\Program Files\Git\cmd;C:\Users\luo\AppData\Local\Programs\Python\Python39\Scripts;C:\Users\luo\AppData\Local\Programs\Python\Python39;C:\Users\luo\AppData\Local\Microsoft\WindowsApps;C:\Program Files\JetBrains\PyCharm 2022.2.1\bin;.;C:\Program Files\JetBrains\CLion 2022.2.1\bin;.;C:\MinGW\bin;C:\Program Files\OpenSSL-Win64\lib;C:\Program Files\mysql-5.7.31-winx64\bin;.
USERNAME=luo
DISPLAY=:0.0
LC_ALL=en_US.UTF-8
OS=Windows_NT
PROCESSOR_IDENTIFIER=Intel64 Family 6 Model 158 Stepping 10, GenuineIntel



---------------  S Y S T E M  ---------------

OS:
 Windows 10 , 64 bit Build 19041 (10.0.19041.2364)
OS uptime: 5 days 23:45 hours

CPU: total 12 (initial active 12) (6 cores per cpu, 2 threads per core) family 6 model 158 stepping 10 microcode 0xb4, cx8, cmov, fxsr, ht, mmx, 3dnowpref, sse, sse2, sse3, ssse3, sse4.1, sse4.2, popcnt, lzcnt, tsc, tscinvbit, avx, avx2, aes, erms, clmul, bmi1, bmi2, rtm, adx, fma, vzeroupper, clflush, clflushopt

Memory: 4k page, system-wide physical 32692M (5974M free)
TotalPageFile size 87839M (AvailPageFile size 257M)
current process WorkingSet (physical memory assigned to process): 11M, peak: 11M
current process commit charge ("private bytes"): 64M, peak: 576M

vm_info: OpenJDK 64-Bit Server VM (17.0.3+7-b469.37) for windows-amd64 JRE (17.0.3+7-b469.37), built on 2022-08-01 by "builduser" with MS VC++ 16.10 / 16.11 (VS2019)

END.
